<?xml version="1.0" encoding="UTF-8"?>
<coverage generated="1779758576">
  <project timestamp="1779758576" name="Clover Coverage">
    <package name="App\Actions">
      <file name="/var/www/html/app/Actions/CalcularDiagnostico.php">
        <class name="App\Actions\CalcularDiagnostico" namespace="App\Actions">
          <metrics complexity="10" methods="3" coveredmethods="3" conditionals="0" coveredconditionals="0" statements="42" coveredstatements="42" elements="45" coveredelements="45"/>
        </class>
        <line num="33" type="method" name="__construct" visibility="public" complexity="1" crap="1" count="47"/>
        <line num="46" type="method" name="execute" visibility="public" complexity="2" crap="2" count="45"/>
        <line num="54" type="stmt" count="45"/>
        <line num="55" type="stmt" count="45"/>
        <line num="57" type="stmt" count="45"/>
        <line num="60" type="stmt" count="42"/>
        <line num="61" type="stmt" count="42"/>
        <line num="62" type="stmt" count="2"/>
        <line num="65" type="stmt" count="42"/>
        <line num="66" type="stmt" count="42"/>
        <line num="67" type="stmt" count="42"/>
        <line num="68" type="stmt" count="42"/>
        <line num="69" type="stmt" count="42"/>
        <line num="70" type="stmt" count="42"/>
        <line num="71" type="stmt" count="42"/>
        <line num="72" type="stmt" count="42"/>
        <line num="73" type="stmt" count="42"/>
        <line num="74" type="stmt" count="42"/>
        <line num="75" type="stmt" count="42"/>
        <line num="76" type="stmt" count="42"/>
        <line num="77" type="stmt" count="42"/>
        <line num="84" type="stmt" count="42"/>
        <line num="85" type="stmt" count="42"/>
        <line num="86" type="stmt" count="42"/>
        <line num="87" type="stmt" count="42"/>
        <line num="88" type="stmt" count="42"/>
        <line num="89" type="stmt" count="42"/>
        <line num="90" type="stmt" count="42"/>
        <line num="91" type="stmt" count="42"/>
        <line num="92" type="stmt" count="42"/>
        <line num="93" type="stmt" count="42"/>
        <line num="94" type="stmt" count="42"/>
        <line num="95" type="stmt" count="42"/>
        <line num="97" type="stmt" count="42"/>
        <line num="98" type="stmt" count="42"/>
        <line num="109" type="method" name="derivarPorte" visibility="private" complexity="7" crap="7" count="42"/>
        <line num="111" type="stmt" count="42"/>
        <line num="113" type="stmt" count="42"/>
        <line num="114" type="stmt" count="3"/>
        <line num="117" type="stmt" count="39"/>
        <line num="120" type="stmt" count="39"/>
        <line num="121" type="stmt" count="38"/>
        <line num="122" type="stmt" count="37"/>
        <line num="123" type="stmt" count="39"/>
        <metrics loc="127" ncloc="85" classes="1" methods="3" coveredmethods="3" conditionals="0" coveredconditionals="0" statements="42" coveredstatements="42" elements="45" coveredelements="45"/>
      </file>
    </package>
    <package name="App\Console\Commands">
      <file name="/var/www/html/app/Console/Commands/MonitorarRfbErrorRate.php">
        <class name="App\Console\Commands\MonitorarRfbErrorRate" namespace="App\Console\Commands">
          <metrics complexity="5" methods="1" coveredmethods="1" conditionals="0" coveredconditionals="0" statements="41" coveredstatements="41" elements="42" coveredelements="42"/>
        </class>
        <line num="36" type="method" name="handle" visibility="public" complexity="5" crap="5" count="6"/>
        <line num="39" type="stmt" count="6"/>
        <line num="41" type="stmt" count="6"/>
        <line num="42" type="stmt" count="6"/>
        <line num="43" type="stmt" count="6"/>
        <line num="45" type="stmt" count="6"/>
        <line num="46" type="stmt" count="6"/>
        <line num="61" type="stmt" count="6"/>
        <line num="62" type="stmt" count="6"/>
        <line num="63" type="stmt" count="6"/>
        <line num="65" type="stmt" count="6"/>
        <line num="67" type="stmt" count="6"/>
        <line num="68" type="stmt" count="5"/>
        <line num="69" type="stmt" count="5"/>
        <line num="70" type="stmt" count="5"/>
        <line num="71" type="stmt" count="5"/>
        <line num="73" type="stmt" count="5"/>
        <line num="74" type="stmt" count="5"/>
        <line num="75" type="stmt" count="5"/>
        <line num="76" type="stmt" count="5"/>
        <line num="78" type="stmt" count="5"/>
        <line num="79" type="stmt" count="4"/>
        <line num="82" type="stmt" count="2"/>
        <line num="83" type="stmt" count="2"/>
        <line num="84" type="stmt" count="2"/>
        <line num="85" type="stmt" count="2"/>
        <line num="86" type="stmt" count="2"/>
        <line num="87" type="stmt" count="2"/>
        <line num="88" type="stmt" count="2"/>
        <line num="89" type="stmt" count="2"/>
        <line num="90" type="stmt" count="2"/>
        <line num="91" type="stmt" count="2"/>
        <line num="92" type="stmt" count="2"/>
        <line num="93" type="stmt" count="2"/>
        <line num="94" type="stmt" count="2"/>
        <line num="95" type="stmt" count="2"/>
        <line num="96" type="stmt" count="2"/>
        <line num="97" type="stmt" count="2"/>
        <line num="98" type="stmt" count="2"/>
        <line num="100" type="stmt" count="2"/>
        <line num="103" type="stmt" count="6"/>
        <line num="105" type="stmt" count="6"/>
        <metrics loc="108" ncloc="92" classes="1" methods="1" coveredmethods="1" conditionals="0" coveredconditionals="0" statements="41" coveredstatements="41" elements="42" coveredelements="42"/>
      </file>
      <file name="/var/www/html/app/Console/Commands/PennantListOverdue.php">
        <class name="App\Console\Commands\PennantListOverdue" namespace="App\Console\Commands">
          <metrics complexity="16" methods="2" coveredmethods="1" conditionals="0" coveredconditionals="0" statements="38" coveredstatements="35" elements="40" coveredelements="36"/>
        </class>
        <line num="25" type="method" name="handle" visibility="public" complexity="14" crap="14.12" count="5"/>
        <line num="27" type="stmt" count="5"/>
        <line num="29" type="stmt" count="5"/>
        <line num="30" type="stmt" count="0"/>
        <line num="32" type="stmt" count="0"/>
        <line num="35" type="stmt" count="5"/>
        <line num="36" type="stmt" count="5"/>
        <line num="37" type="stmt" count="5"/>
        <line num="39" type="stmt" count="5"/>
        <line num="40" type="stmt" count="5"/>
        <line num="41" type="stmt" count="5"/>
        <line num="43" type="stmt" count="5"/>
        <line num="44" type="stmt" count="0"/>
        <line num="47" type="stmt" count="5"/>
        <line num="49" type="stmt" count="5"/>
        <line num="50" type="stmt" count="5"/>
        <line num="52" type="stmt" count="5"/>
        <line num="53" type="stmt" count="1"/>
        <line num="55" type="stmt" count="1"/>
        <line num="59" type="stmt" count="5"/>
        <line num="60" type="stmt" count="1"/>
        <line num="61" type="stmt" count="1"/>
        <line num="63" type="stmt" count="1"/>
        <line num="66" type="stmt" count="5"/>
        <line num="67" type="stmt" count="2"/>
        <line num="71" type="stmt" count="5"/>
        <line num="72" type="stmt" count="2"/>
        <line num="73" type="stmt" count="2"/>
        <line num="74" type="stmt" count="2"/>
        <line num="78" type="stmt" count="5"/>
        <line num="79" type="stmt" count="2"/>
        <line num="80" type="stmt" count="2"/>
        <line num="81" type="stmt" count="2"/>
        <line num="84" type="stmt" count="2"/>
        <line num="87" type="stmt" count="3"/>
        <line num="89" type="stmt" count="3"/>
        <line num="92" type="method" name="extractTag" visibility="private" complexity="2" crap="2" count="5"/>
        <line num="94" type="stmt" count="5"/>
        <line num="95" type="stmt" count="5"/>
        <line num="98" type="stmt" count="1"/>
        <metrics loc="101" ncloc="94" classes="1" methods="2" coveredmethods="1" conditionals="0" coveredconditionals="0" statements="38" coveredstatements="35" elements="40" coveredelements="36"/>
      </file>
    </package>
    <package name="App\Domain">
      <file name="/var/www/html/app/Domain/Cnpj.php">
        <class name="App\Domain\Cnpj" namespace="App\Domain">
          <metrics complexity="10" methods="4" coveredmethods="4" conditionals="0" coveredconditionals="0" statements="18" coveredstatements="18" elements="22" coveredelements="22"/>
        </class>
        <line num="26" type="method" name="normalizar" visibility="public" complexity="1" crap="1" count="69"/>
        <line num="28" type="stmt" count="69"/>
        <line num="31" type="method" name="valido" visibility="public" complexity="4" crap="4" count="56"/>
        <line num="33" type="stmt" count="56"/>
        <line num="35" type="stmt" count="56"/>
        <line num="36" type="stmt" count="6"/>
        <line num="41" type="stmt" count="51"/>
        <line num="42" type="stmt" count="4"/>
        <line num="45" type="stmt" count="47"/>
        <line num="46" type="stmt" count="47"/>
        <line num="49" type="method" name="formatar" visibility="public" complexity="2" crap="2" count="12"/>
        <line num="51" type="stmt" count="12"/>
        <line num="53" type="stmt" count="12"/>
        <line num="54" type="stmt" count="1"/>
        <line num="57" type="stmt" count="11"/>
        <line num="63" type="method" name="dvCorreto" visibility="private" complexity="3" crap="3" count="47"/>
        <line num="65" type="stmt" count="47"/>
        <line num="66" type="stmt" count="47"/>
        <line num="67" type="stmt" count="47"/>
        <line num="69" type="stmt" count="47"/>
        <line num="70" type="stmt" count="47"/>
        <line num="72" type="stmt" count="47"/>
        <metrics loc="75" ncloc="57" classes="1" methods="4" coveredmethods="4" conditionals="0" coveredconditionals="0" statements="18" coveredstatements="18" elements="22" coveredelements="22"/>
      </file>
      <file name="/var/www/html/app/Domain/Cpf.php">
        <class name="App\Domain\Cpf" namespace="App\Domain">
          <metrics complexity="10" methods="4" coveredmethods="4" conditionals="0" coveredconditionals="0" statements="19" coveredstatements="19" elements="23" coveredelements="23"/>
        </class>
        <line num="20" type="method" name="normalizar" visibility="public" complexity="1" crap="1" count="42"/>
        <line num="22" type="stmt" count="42"/>
        <line num="25" type="method" name="valido" visibility="public" complexity="4" crap="4" count="36"/>
        <line num="27" type="stmt" count="36"/>
        <line num="29" type="stmt" count="36"/>
        <line num="30" type="stmt" count="6"/>
        <line num="34" type="stmt" count="31"/>
        <line num="35" type="stmt" count="5"/>
        <line num="38" type="stmt" count="27"/>
        <line num="41" type="method" name="formatar" visibility="public" complexity="2" crap="2" count="3"/>
        <line num="43" type="stmt" count="3"/>
        <line num="45" type="stmt" count="3"/>
        <line num="46" type="stmt" count="1"/>
        <line num="49" type="stmt" count="2"/>
        <line num="52" type="method" name="dvCorreto" visibility="private" complexity="3" crap="3" count="27"/>
        <line num="54" type="stmt" count="27"/>
        <line num="55" type="stmt" count="27"/>
        <line num="56" type="stmt" count="27"/>
        <line num="57" type="stmt" count="27"/>
        <line num="58" type="stmt" count="27"/>
        <line num="60" type="stmt" count="27"/>
        <line num="61" type="stmt" count="27"/>
        <line num="63" type="stmt" count="27"/>
        <metrics loc="66" ncloc="54" classes="1" methods="4" coveredmethods="4" conditionals="0" coveredconditionals="0" statements="19" coveredstatements="19" elements="23" coveredelements="23"/>
      </file>
      <file name="/var/www/html/app/Domain/FonteEnriquecimento.php">
        <class name="App\Domain\FonteEnriquecimento" namespace="App\Domain">
          <metrics complexity="3" methods="1" coveredmethods="1" conditionals="0" coveredconditionals="0" statements="4" coveredstatements="4" elements="5" coveredelements="5"/>
        </class>
        <line num="19" type="method" name="rotulo" visibility="public" complexity="3" crap="3" count="9"/>
        <line num="21" type="stmt" count="9"/>
        <line num="22" type="stmt" count="9"/>
        <line num="23" type="stmt" count="9"/>
        <line num="24" type="stmt" count="9"/>
        <metrics loc="27" ncloc="20" classes="1" methods="1" coveredmethods="1" conditionals="0" coveredconditionals="0" statements="4" coveredstatements="4" elements="5" coveredelements="5"/>
      </file>
      <file name="/var/www/html/app/Domain/SituacaoCadastral.php">
        <class name="App\Domain\SituacaoCadastral" namespace="App\Domain">
          <metrics complexity="6" methods="1" coveredmethods="1" conditionals="0" coveredconditionals="0" statements="7" coveredstatements="7" elements="8" coveredelements="8"/>
        </class>
        <line num="21" type="method" name="rotulo" visibility="public" complexity="6" crap="6" count="46"/>
        <line num="23" type="stmt" count="46"/>
        <line num="24" type="stmt" count="46"/>
        <line num="25" type="stmt" count="46"/>
        <line num="26" type="stmt" count="46"/>
        <line num="27" type="stmt" count="46"/>
        <line num="28" type="stmt" count="46"/>
        <line num="29" type="stmt" count="46"/>
        <metrics loc="32" ncloc="26" classes="1" methods="1" coveredmethods="1" conditionals="0" coveredconditionals="0" statements="7" coveredstatements="7" elements="8" coveredelements="8"/>
      </file>
      <file name="/var/www/html/app/Domain/TermoTipo.php">
        <class name="App\Domain\TermoTipo" namespace="App\Domain">
          <metrics complexity="3" methods="1" coveredmethods="1" conditionals="0" coveredconditionals="0" statements="4" coveredstatements="4" elements="5" coveredelements="5"/>
        </class>
        <line num="20" type="method" name="obrigatorio" visibility="public" complexity="3" crap="3" count="1"/>
        <line num="22" type="stmt" count="1"/>
        <line num="23" type="stmt" count="1"/>
        <line num="24" type="stmt" count="1"/>
        <line num="25" type="stmt" count="1"/>
        <metrics loc="28" ncloc="21" classes="1" methods="1" coveredmethods="1" conditionals="0" coveredconditionals="0" statements="4" coveredstatements="4" elements="5" coveredelements="5"/>
      </file>
      <file name="/var/www/html/app/Domain/TermoVigente.php">
        <class name="App\Domain\TermoVigente" namespace="App\Domain">
          <metrics complexity="1" methods="1" coveredmethods="1" conditionals="0" coveredconditionals="0" statements="1" coveredstatements="1" elements="2" coveredelements="2"/>
        </class>
        <line num="17" type="method" name="__construct" visibility="public" complexity="1" crap="1" count="13"/>
        <line num="22" type="stmt" count="13"/>
        <metrics loc="24" ncloc="16" classes="1" methods="1" coveredmethods="1" conditionals="0" coveredconditionals="0" statements="1" coveredstatements="1" elements="2" coveredelements="2"/>
      </file>
      <file name="/var/www/html/app/Domain/TipoDocumento.php">
        <class name="App\Domain\TipoDocumento" namespace="App\Domain">
          <metrics complexity="9" methods="3" coveredmethods="3" conditionals="0" coveredconditionals="0" statements="12" coveredstatements="12" elements="15" coveredelements="15"/>
        </class>
        <line num="18" type="method" name="tamanho" visibility="public" complexity="3" crap="3" count="21"/>
        <line num="20" type="stmt" count="21"/>
        <line num="21" type="stmt" count="21"/>
        <line num="22" type="stmt" count="21"/>
        <line num="23" type="stmt" count="21"/>
        <line num="26" type="method" name="validar" visibility="public" complexity="3" crap="3" count="21"/>
        <line num="28" type="stmt" count="21"/>
        <line num="29" type="stmt" count="21"/>
        <line num="30" type="stmt" count="21"/>
        <line num="31" type="stmt" count="21"/>
        <line num="34" type="method" name="normalizar" visibility="public" complexity="3" crap="3" count="21"/>
        <line num="36" type="stmt" count="21"/>
        <line num="37" type="stmt" count="21"/>
        <line num="38" type="stmt" count="21"/>
        <line num="39" type="stmt" count="21"/>
        <metrics loc="42" ncloc="36" classes="1" methods="3" coveredmethods="3" conditionals="0" coveredconditionals="0" statements="12" coveredstatements="12" elements="15" coveredelements="15"/>
      </file>
      <file name="/var/www/html/app/Domain/Uf.php">
        <class name="App\Domain\Uf" namespace="App\Domain">
          <metrics complexity="1" methods="1" coveredmethods="1" conditionals="0" coveredconditionals="0" statements="1" coveredstatements="1" elements="2" coveredelements="2"/>
        </class>
        <line num="46" type="method" name="valores" visibility="public" complexity="1" crap="1" count="22"/>
        <line num="48" type="stmt" count="22"/>
        <metrics loc="51" ncloc="42" classes="1" methods="1" coveredmethods="1" conditionals="0" coveredconditionals="0" statements="1" coveredstatements="1" elements="2" coveredelements="2"/>
      </file>
    </package>
    <package name="App\Domain\Motor\Calculos">
      <file name="/var/www/html/app/Domain/Motor/Calculos/DreAdaptada.php">
        <class name="App\Domain\Motor\Calculos\DreAdaptada" namespace="App\Domain\Motor\Calculos">
          <metrics complexity="37" methods="21" coveredmethods="21" conditionals="0" coveredconditionals="0" statements="54" coveredstatements="54" elements="75" coveredelements="75"/>
        </class>
        <line num="36" type="method" name="__construct" visibility="public" complexity="1" crap="1" count="281"/>
        <line num="43" type="method" name="disponibilidades" visibility="public" complexity="1" crap="1" count="89"/>
        <line num="45" type="stmt" count="89"/>
        <line num="49" type="method" name="clientes" visibility="public" complexity="1" crap="1" count="115"/>
        <line num="51" type="stmt" count="115"/>
        <line num="55" type="method" name="estoques" visibility="public" complexity="1" crap="1" count="115"/>
        <line num="57" type="stmt" count="115"/>
        <line num="61" type="method" name="imobilizado" visibility="public" complexity="1" crap="1" count="81"/>
        <line num="63" type="stmt" count="81"/>
        <line num="67" type="method" name="dividasFinanceiras" visibility="public" complexity="1" crap="1" count="77"/>
        <line num="69" type="stmt" count="77"/>
        <line num="73" type="method" name="fornecedores" visibility="public" complexity="1" crap="1" count="103"/>
        <line num="75" type="stmt" count="103"/>
        <line num="79" type="method" name="ativoTotal" visibility="public" complexity="1" crap="1" count="81"/>
        <line num="81" type="stmt" count="81"/>
        <line num="85" type="method" name="passivoCirculante" visibility="public" complexity="1" crap="1" count="69"/>
        <line num="87" type="stmt" count="69"/>
        <line num="91" type="method" name="patrimonioLiquido" visibility="public" complexity="3" crap="3" count="2"/>
        <line num="93" type="stmt" count="2"/>
        <line num="94" type="stmt" count="2"/>
        <line num="95" type="stmt" count="2"/>
        <line num="96" type="stmt" count="1"/>
        <line num="99" type="stmt" count="1"/>
        <line num="107" type="method" name="vendasAnuais" visibility="public" complexity="1" crap="1" count="163"/>
        <line num="109" type="stmt" count="163"/>
        <line num="113" type="method" name="comprasAnuais" visibility="public" complexity="1" crap="1" count="116"/>
        <line num="115" type="stmt" count="116"/>
        <line num="119" type="method" name="despesasFixasAnuais" visibility="public" complexity="1" crap="1" count="103"/>
        <line num="121" type="stmt" count="103"/>
        <line num="125" type="method" name="despesasVariaveisAnuais" visibility="public" complexity="1" crap="1" count="103"/>
        <line num="127" type="stmt" count="103"/>
        <line num="131" type="method" name="despesasFinanceirasAnuais" visibility="public" complexity="1" crap="1" count="79"/>
        <line num="133" type="stmt" count="79"/>
        <line num="137" type="method" name="lucroBruto" visibility="public" complexity="3" crap="3" count="115"/>
        <line num="139" type="stmt" count="115"/>
        <line num="140" type="stmt" count="115"/>
        <line num="141" type="stmt" count="115"/>
        <line num="142" type="stmt" count="7"/>
        <line num="145" type="stmt" count="108"/>
        <line num="149" type="method" name="ebitda" visibility="public" complexity="4" crap="4" count="103"/>
        <line num="151" type="stmt" count="103"/>
        <line num="152" type="stmt" count="103"/>
        <line num="153" type="stmt" count="103"/>
        <line num="154" type="stmt" count="103"/>
        <line num="155" type="stmt" count="8"/>
        <line num="158" type="stmt" count="95"/>
        <line num="162" type="method" name="lucroOperacionalLiquido" visibility="public" complexity="3" crap="3" count="64"/>
        <line num="164" type="stmt" count="64"/>
        <line num="165" type="stmt" count="64"/>
        <line num="166" type="stmt" count="64"/>
        <line num="167" type="stmt" count="2"/>
        <line num="170" type="stmt" count="62"/>
        <line num="181" type="method" name="asBc" visibility="private" complexity="5" crap="5" count="197"/>
        <line num="183" type="stmt" count="197"/>
        <line num="184" type="stmt" count="28"/>
        <line num="187" type="stmt" count="193"/>
        <line num="188" type="stmt" count="192"/>
        <line num="189" type="stmt" count="192"/>
        <line num="190" type="stmt" count="1"/>
        <line num="194" type="stmt" count="192"/>
        <line num="195" type="stmt" count="12"/>
        <line num="198" type="stmt" count="187"/>
        <line num="202" type="method" name="anualizar" visibility="private" complexity="2" crap="2" count="165"/>
        <line num="204" type="stmt" count="165"/>
        <line num="205" type="stmt" count="165"/>
        <line num="206" type="stmt" count="22"/>
        <line num="209" type="stmt" count="154"/>
        <line num="217" type="method" name="soma" visibility="private" complexity="3" crap="3" count="82"/>
        <line num="219" type="stmt" count="82"/>
        <line num="220" type="stmt" count="82"/>
        <line num="221" type="stmt" count="82"/>
        <line num="222" type="stmt" count="4"/>
        <line num="224" type="stmt" count="82"/>
        <line num="227" type="stmt" count="81"/>
        <metrics loc="230" ncloc="169" classes="1" methods="21" coveredmethods="21" conditionals="0" coveredconditionals="0" statements="54" coveredstatements="54" elements="75" coveredelements="75"/>
      </file>
    </package>
    <package name="App\Domain\Motor\Farois">
      <file name="/var/www/html/app/Domain/Motor/Farois/FarolIndustria.php">
        <class name="App\Domain\Motor\Farois\FarolIndustria" namespace="App\Domain\Motor\Farois">
          <metrics complexity="14" methods="3" coveredmethods="3" conditionals="0" coveredconditionals="0" statements="25" coveredstatements="25" elements="28" coveredelements="28"/>
        </class>
        <line num="39" type="method" name="classificar" visibility="public" complexity="6" crap="6" count="181"/>
        <line num="41" type="stmt" count="181"/>
        <line num="42" type="stmt" count="1"/>
        <line num="45" type="stmt" count="180"/>
        <line num="47" type="stmt" count="180"/>
        <line num="48" type="stmt" count="1"/>
        <line num="49" type="stmt" count="1"/>
        <line num="50" type="stmt" count="1"/>
        <line num="51" type="stmt" count="1"/>
        <line num="54" type="stmt" count="179"/>
        <line num="55" type="stmt" count="106"/>
        <line num="56" type="stmt" count="126"/>
        <line num="57" type="stmt" count="179"/>
        <line num="58" type="stmt" count="179"/>
        <line num="59" type="stmt" count="179"/>
        <line num="60" type="stmt" count="179"/>
        <line num="66" type="method" name="aplicarMaiorMelhor" visibility="private" complexity="4" crap="4" count="106"/>
        <line num="68" type="stmt" count="106"/>
        <line num="69" type="stmt" count="68"/>
        <line num="71" type="stmt" count="66"/>
        <line num="72" type="stmt" count="43"/>
        <line num="75" type="stmt" count="26"/>
        <line num="81" type="method" name="aplicarMenorMelhor" visibility="private" complexity="4" crap="4" count="126"/>
        <line num="83" type="stmt" count="126"/>
        <line num="84" type="stmt" count="78"/>
        <line num="86" type="stmt" count="73"/>
        <line num="87" type="stmt" count="51"/>
        <line num="90" type="stmt" count="27"/>
        <metrics loc="93" ncloc="59" classes="1" methods="3" coveredmethods="3" conditionals="0" coveredconditionals="0" statements="25" coveredstatements="25" elements="28" coveredelements="28"/>
      </file>
    </package>
    <package name="App\Domain\Motor">
      <file name="/var/www/html/app/Domain/Motor/Farol.php">
        <class name="App\Domain\Motor\Farol" namespace="App\Domain\Motor">
          <metrics complexity="0" methods="0" coveredmethods="0" conditionals="0" coveredconditionals="0" statements="0" coveredstatements="0" elements="0" coveredelements="0"/>
        </class>
        <metrics loc="29" ncloc="17" classes="0" methods="0" coveredmethods="0" conditionals="0" coveredconditionals="0" statements="0" coveredstatements="0" elements="0" coveredelements="0"/>
      </file>
      <file name="/var/www/html/app/Domain/Motor/IndicadorResultado.php">
        <class name="App\Domain\Motor\IndicadorResultado" namespace="App\Domain\Motor">
          <metrics complexity="3" methods="3" coveredmethods="3" conditionals="0" coveredconditionals="0" statements="13" coveredstatements="13" elements="16" coveredelements="16"/>
        </class>
        <line num="25" type="method" name="__construct" visibility="public" complexity="1" crap="1" count="262"/>
        <line num="30" type="stmt" count="262"/>
        <line num="36" type="method" name="indisponivel" visibility="public" complexity="1" crap="1" count="86"/>
        <line num="38" type="stmt" count="86"/>
        <line num="39" type="stmt" count="86"/>
        <line num="40" type="stmt" count="86"/>
        <line num="41" type="stmt" count="86"/>
        <line num="42" type="stmt" count="86"/>
        <line num="43" type="stmt" count="86"/>
        <line num="49" type="method" name="toArray" visibility="public" complexity="1" crap="1" count="262"/>
        <line num="51" type="stmt" count="262"/>
        <line num="52" type="stmt" count="262"/>
        <line num="53" type="stmt" count="262"/>
        <line num="54" type="stmt" count="262"/>
        <line num="55" type="stmt" count="262"/>
        <line num="56" type="stmt" count="262"/>
        <metrics loc="59" ncloc="36" classes="1" methods="3" coveredmethods="3" conditionals="0" coveredconditionals="0" statements="13" coveredstatements="13" elements="16" coveredelements="16"/>
      </file>
      <file name="/var/www/html/app/Domain/Motor/MatrizRecomendacoes.php">
        <class name="App\Domain\Motor\MatrizRecomendacoes" namespace="App\Domain\Motor">
          <metrics complexity="10" methods="3" coveredmethods="3" conditionals="0" coveredconditionals="0" statements="30" coveredstatements="30" elements="33" coveredelements="33"/>
        </class>
        <line num="41" type="method" name="texto" visibility="public" complexity="3" crap="3" count="209"/>
        <line num="43" type="stmt" count="209"/>
        <line num="46" type="stmt" count="209"/>
        <line num="48" type="stmt" count="209"/>
        <line num="49" type="stmt" count="209"/>
        <line num="50" type="stmt" count="204"/>
        <line num="53" type="stmt" count="5"/>
        <line num="55" type="stmt" count="5"/>
        <line num="58" type="method" name="reportarLacuna" visibility="private" complexity="1" crap="1" count="5"/>
        <line num="60" type="stmt" count="5"/>
        <line num="61" type="stmt" count="5"/>
        <line num="62" type="stmt" count="5"/>
        <line num="63" type="stmt" count="5"/>
        <line num="64" type="stmt" count="5"/>
        <line num="65" type="stmt" count="5"/>
        <line num="67" type="stmt" count="5"/>
        <line num="80" type="method" name="appendLacunaIdempotente" visibility="private" complexity="6" crap="6" count="5"/>
        <line num="82" type="stmt" count="5"/>
        <line num="83" type="stmt" count="5"/>
        <line num="84" type="stmt" count="1"/>
        <line num="87" type="stmt" count="4"/>
        <line num="88" type="stmt" count="4"/>
        <line num="89" type="stmt" count="3"/>
        <line num="92" type="stmt" count="1"/>
        <line num="94" type="stmt" count="1"/>
        <line num="95" type="stmt" count="1"/>
        <line num="96" type="stmt" count="1"/>
        <line num="99" type="stmt" count="1"/>
        <line num="100" type="stmt" count="1"/>
        <line num="101" type="stmt" count="1"/>
        <line num="102" type="stmt" count="1"/>
        <line num="103" type="stmt" count="1"/>
        <line num="106" type="stmt" count="1"/>
        <metrics loc="109" ncloc="70" classes="1" methods="3" coveredmethods="3" conditionals="0" coveredconditionals="0" statements="30" coveredstatements="30" elements="33" coveredelements="33"/>
      </file>
      <file name="/var/www/html/app/Domain/Motor/MensagensFarol.php">
        <class name="App\Domain\Motor\MensagensFarol" namespace="App\Domain\Motor">
          <metrics complexity="5" methods="1" coveredmethods="0" conditionals="0" coveredconditionals="0" statements="8" coveredstatements="5" elements="9" coveredelements="5"/>
        </class>
        <line num="34" type="method" name="paraFarol" visibility="public" complexity="5" crap="6.32" count="1"/>
        <line num="36" type="stmt" count="1"/>
        <line num="37" type="stmt" count="0"/>
        <line num="38" type="stmt" count="0"/>
        <line num="39" type="stmt" count="0"/>
        <line num="40" type="stmt" count="1"/>
        <line num="41" type="stmt" count="1"/>
        <line num="42" type="stmt" count="1"/>
        <line num="43" type="stmt" count="1"/>
        <metrics loc="46" ncloc="27" classes="1" methods="1" coveredmethods="0" conditionals="0" coveredconditionals="0" statements="8" coveredstatements="5" elements="9" coveredelements="5"/>
      </file>
      <file name="/var/www/html/app/Domain/Motor/MotivosIndisponibilidade.php">
        <class name="App\Domain\Motor\MotivosIndisponibilidade" namespace="App\Domain\Motor">
          <metrics complexity="2" methods="1" coveredmethods="1" conditionals="0" coveredconditionals="0" statements="3" coveredstatements="3" elements="4" coveredelements="4"/>
        </class>
        <line num="82" type="method" name="mensagem" visibility="public" complexity="2" crap="2" count="87"/>
        <line num="84" type="stmt" count="87"/>
        <line num="85" type="stmt" count="1"/>
        <line num="88" type="stmt" count="86"/>
        <metrics loc="91" ncloc="76" classes="1" methods="1" coveredmethods="1" conditionals="0" coveredconditionals="0" statements="3" coveredstatements="3" elements="4" coveredelements="4"/>
      </file>
      <file name="/var/www/html/app/Domain/Motor/Motor.php">
        <class name="App\Domain\Motor\Motor" namespace="App\Domain\Motor">
          <metrics complexity="4" methods="2" coveredmethods="2" conditionals="0" coveredconditionals="0" statements="36" coveredstatements="36" elements="38" coveredelements="38"/>
        </class>
        <line num="60" type="method" name="calcular" visibility="public" complexity="3" crap="3" count="64"/>
        <line num="62" type="stmt" count="64"/>
        <line num="63" type="stmt" count="5"/>
        <line num="64" type="stmt" count="5"/>
        <line num="65" type="stmt" count="5"/>
        <line num="66" type="stmt" count="5"/>
        <line num="69" type="stmt" count="59"/>
        <line num="70" type="stmt" count="59"/>
        <line num="72" type="stmt" count="59"/>
        <line num="73" type="stmt" count="59"/>
        <line num="74" type="stmt" count="59"/>
        <line num="77" type="stmt" count="59"/>
        <line num="78" type="stmt" count="59"/>
        <line num="80" type="stmt" count="59"/>
        <line num="81" type="stmt" count="59"/>
        <line num="82" type="stmt" count="59"/>
        <line num="83" type="stmt" count="59"/>
        <line num="84" type="stmt" count="59"/>
        <line num="85" type="stmt" count="59"/>
        <line num="86" type="stmt" count="59"/>
        <line num="95" type="method" name="indicadores" visibility="private" complexity="1" crap="1" count="59"/>
        <line num="97" type="stmt" count="59"/>
        <line num="98" type="stmt" count="59"/>
        <line num="99" type="stmt" count="59"/>
        <line num="100" type="stmt" count="59"/>
        <line num="101" type="stmt" count="59"/>
        <line num="102" type="stmt" count="59"/>
        <line num="103" type="stmt" count="59"/>
        <line num="104" type="stmt" count="59"/>
        <line num="105" type="stmt" count="59"/>
        <line num="106" type="stmt" count="59"/>
        <line num="107" type="stmt" count="59"/>
        <line num="108" type="stmt" count="59"/>
        <line num="109" type="stmt" count="59"/>
        <line num="110" type="stmt" count="59"/>
        <line num="111" type="stmt" count="59"/>
        <line num="112" type="stmt" count="59"/>
        <line num="113" type="stmt" count="59"/>
        <metrics loc="116" ncloc="63" classes="1" methods="2" coveredmethods="2" conditionals="0" coveredconditionals="0" statements="36" coveredstatements="36" elements="38" coveredelements="38"/>
      </file>
      <file name="/var/www/html/app/Domain/Motor/QuizPayloadCanonicalizer.php">
        <class name="App\Domain\Motor\QuizPayloadCanonicalizer" namespace="App\Domain\Motor">
          <metrics complexity="12" methods="3" coveredmethods="3" conditionals="0" coveredconditionals="0" statements="29" coveredstatements="29" elements="32" coveredelements="32"/>
        </class>
        <line num="41" type="method" name="canonicalize" visibility="public" complexity="1" crap="1" count="76"/>
        <line num="44" type="stmt" count="76"/>
        <line num="46" type="stmt" count="76"/>
        <line num="55" type="method" name="toJson" visibility="public" complexity="2" crap="2" count="51"/>
        <line num="57" type="stmt" count="51"/>
        <line num="58" type="stmt" count="51"/>
        <line num="59" type="stmt" count="51"/>
        <line num="60" type="stmt" count="51"/>
        <line num="62" type="stmt" count="51"/>
        <line num="63" type="stmt" count="1"/>
        <line num="66" type="stmt" count="50"/>
        <line num="73" type="method" name="normalize" visibility="private" complexity="9" crap="9" count="76"/>
        <line num="75" type="stmt" count="76"/>
        <line num="76" type="stmt" count="71"/>
        <line num="77" type="stmt" count="71"/>
        <line num="78" type="stmt" count="2"/>
        <line num="81" type="stmt" count="69"/>
        <line num="82" type="stmt" count="68"/>
        <line num="83" type="stmt" count="69"/>
        <line num="86" type="stmt" count="76"/>
        <line num="87" type="stmt" count="70"/>
        <line num="91" type="stmt" count="76"/>
        <line num="93" type="stmt" count="76"/>
        <line num="94" type="stmt" count="1"/>
        <line num="95" type="stmt" count="1"/>
        <line num="96" type="stmt" count="1"/>
        <line num="99" type="stmt" count="1"/>
        <line num="103" type="stmt" count="76"/>
        <line num="105" type="stmt" count="76"/>
        <line num="106" type="stmt" count="76"/>
        <line num="107" type="stmt" count="76"/>
        <line num="110" type="stmt" count="76"/>
        <metrics loc="113" ncloc="70" classes="1" methods="3" coveredmethods="3" conditionals="0" coveredconditionals="0" statements="29" coveredstatements="29" elements="32" coveredelements="32"/>
      </file>
      <file name="/var/www/html/app/Domain/Motor/ResumoExecutivo.php">
        <class name="App\Domain\Motor\ResumoExecutivo" namespace="App\Domain\Motor">
          <metrics complexity="58" methods="15" coveredmethods="15" conditionals="0" coveredconditionals="0" statements="154" coveredstatements="154" elements="169" coveredelements="169"/>
        </class>
        <line num="93" type="method" name="gerar" visibility="public" complexity="11" crap="11" count="76"/>
        <line num="95" type="stmt" count="76"/>
        <line num="97" type="stmt" count="76"/>
        <line num="98" type="stmt" count="76"/>
        <line num="101" type="stmt" count="76"/>
        <line num="102" type="stmt" count="9"/>
        <line num="107" type="stmt" count="69"/>
        <line num="108" type="stmt" count="1"/>
        <line num="111" type="stmt" count="68"/>
        <line num="113" type="stmt" count="68"/>
        <line num="114" type="stmt" count="68"/>
        <line num="117" type="stmt" count="68"/>
        <line num="118" type="stmt" count="68"/>
        <line num="121" type="stmt" count="28"/>
        <line num="122" type="stmt" count="28"/>
        <line num="123" type="stmt" count="28"/>
        <line num="125" type="stmt" count="68"/>
        <line num="127" type="stmt" count="1"/>
        <line num="130" type="stmt" count="68"/>
        <line num="131" type="stmt" count="68"/>
        <line num="132" type="stmt" count="68"/>
        <line num="133" type="stmt" count="68"/>
        <line num="134" type="stmt" count="68"/>
        <line num="135" type="stmt" count="68"/>
        <line num="136" type="stmt" count="68"/>
        <line num="137" type="stmt" count="68"/>
        <line num="138" type="stmt" count="68"/>
        <line num="139" type="stmt" count="68"/>
        <line num="141" type="stmt" count="68"/>
        <line num="142" type="stmt" count="28"/>
        <line num="145" type="stmt" count="68"/>
        <line num="152" type="method" name="filtrarAnexoD" visibility="private" complexity="3" crap="3" count="76"/>
        <line num="154" type="stmt" count="76"/>
        <line num="155" type="stmt" count="76"/>
        <line num="156" type="stmt" count="76"/>
        <line num="157" type="stmt" count="76"/>
        <line num="161" type="stmt" count="76"/>
        <line num="175" type="method" name="contar" visibility="private" complexity="7" crap="7" count="76"/>
        <line num="177" type="stmt" count="76"/>
        <line num="178" type="stmt" count="76"/>
        <line num="179" type="stmt" count="76"/>
        <line num="180" type="stmt" count="76"/>
        <line num="182" type="stmt" count="76"/>
        <line num="183" type="stmt" count="76"/>
        <line num="184" type="stmt" count="16"/>
        <line num="186" type="stmt" count="16"/>
        <line num="188" type="stmt" count="70"/>
        <line num="189" type="stmt" count="68"/>
        <line num="190" type="stmt" count="31"/>
        <line num="191" type="stmt" count="15"/>
        <line num="192" type="stmt" count="70"/>
        <line num="193" type="stmt" count="70"/>
        <line num="196" type="stmt" count="76"/>
        <line num="199" type="method" name="classificarVeredito" visibility="private" complexity="4" crap="4" count="68"/>
        <line num="205" type="stmt" count="68"/>
        <line num="206" type="stmt" count="7"/>
        <line num="208" type="stmt" count="63"/>
        <line num="209" type="stmt" count="11"/>
        <line num="212" type="stmt" count="54"/>
        <line num="221" type="method" name="selecionarDestaquesNegativos" visibility="private" complexity="1" crap="1" count="68"/>
        <line num="223" type="stmt" count="68"/>
        <line num="224" type="stmt" count="68"/>
        <line num="227" type="stmt" count="68"/>
        <line num="229" type="stmt" count="68"/>
        <line num="230" type="stmt" count="68"/>
        <line num="231" type="stmt" count="68"/>
        <line num="232" type="stmt" count="68"/>
        <line num="233" type="stmt" count="68"/>
        <line num="234" type="stmt" count="68"/>
        <line num="235" type="stmt" count="68"/>
        <line num="244" type="method" name="selecionarDestaquePositivo" visibility="private" complexity="2" crap="2" count="68"/>
        <line num="246" type="stmt" count="68"/>
        <line num="247" type="stmt" count="68"/>
        <line num="248" type="stmt" count="1"/>
        <line num="250" type="stmt" count="67"/>
        <line num="252" type="stmt" count="67"/>
        <line num="253" type="stmt" count="67"/>
        <line num="254" type="stmt" count="67"/>
        <line num="255" type="stmt" count="67"/>
        <line num="277" type="method" name="ordenarPorSeveridade" visibility="private" complexity="6" crap="6" count="68"/>
        <line num="279" type="stmt" count="68"/>
        <line num="280" type="stmt" count="68"/>
        <line num="281" type="stmt" count="68"/>
        <line num="282" type="stmt" count="68"/>
        <line num="284" type="stmt" count="39"/>
        <line num="285" type="stmt" count="39"/>
        <line num="286" type="stmt" count="39"/>
        <line num="287" type="stmt" count="39"/>
        <line num="288" type="stmt" count="39"/>
        <line num="291" type="stmt" count="68"/>
        <line num="293" type="stmt" count="34"/>
        <line num="294" type="stmt" count="33"/>
        <line num="298" type="stmt" count="10"/>
        <line num="299" type="stmt" count="68"/>
        <line num="301" type="stmt" count="68"/>
        <line num="313" type="method" name="ordenarPorFavorabilidade" visibility="private" complexity="6" crap="6" count="68"/>
        <line num="315" type="stmt" count="68"/>
        <line num="316" type="stmt" count="68"/>
        <line num="317" type="stmt" count="68"/>
        <line num="318" type="stmt" count="68"/>
        <line num="320" type="stmt" count="67"/>
        <line num="321" type="stmt" count="67"/>
        <line num="322" type="stmt" count="67"/>
        <line num="323" type="stmt" count="67"/>
        <line num="324" type="stmt" count="67"/>
        <line num="327" type="stmt" count="68"/>
        <line num="328" type="stmt" count="66"/>
        <line num="329" type="stmt" count="66"/>
        <line num="332" type="stmt" count="63"/>
        <line num="333" type="stmt" count="68"/>
        <line num="335" type="stmt" count="68"/>
        <line num="353" type="method" name="severidade" visibility="private" complexity="4" crap="4" count="39"/>
        <line num="355" type="stmt" count="39"/>
        <line num="356" type="stmt" count="39"/>
        <line num="358" type="stmt" count="39"/>
        <line num="359" type="stmt" count="15"/>
        <line num="360" type="stmt" count="15"/>
        <line num="361" type="stmt" count="14"/>
        <line num="362" type="stmt" count="7"/>
        <line num="364" type="stmt" count="15"/>
        <line num="368" type="stmt" count="31"/>
        <line num="369" type="stmt" count="31"/>
        <line num="370" type="stmt" count="31"/>
        <line num="374" type="stmt" count="31"/>
        <line num="375" type="stmt" count="29"/>
        <line num="376" type="stmt" count="30"/>
        <line num="378" type="stmt" count="31"/>
        <line num="381" type="method" name="favorabilidade" visibility="private" complexity="2" crap="2" count="67"/>
        <line num="383" type="stmt" count="67"/>
        <line num="384" type="stmt" count="67"/>
        <line num="388" type="stmt" count="67"/>
        <line num="389" type="stmt" count="67"/>
        <line num="390" type="stmt" count="67"/>
        <line num="391" type="stmt" count="66"/>
        <line num="393" type="stmt" count="67"/>
        <line num="404" type="method" name="faixa" visibility="private" complexity="1" crap="1" count="68"/>
        <line num="407" type="stmt" count="68"/>
        <line num="409" type="stmt" count="68"/>
        <line num="412" type="method" name="ordemAnexoD" visibility="private" complexity="2" crap="2" count="68"/>
        <line num="414" type="stmt" count="68"/>
        <line num="417" type="stmt" count="68"/>
        <line num="423" type="method" name="textoDestaque" visibility="private" complexity="2" crap="2" count="68"/>
        <line num="425" type="stmt" count="68"/>
        <line num="426" type="stmt" count="68"/>
        <line num="428" type="stmt" count="68"/>
        <line num="430" type="stmt" count="68"/>
        <line num="442" type="method" name="truncarMensagem" visibility="private" complexity="6" crap="6" count="68"/>
        <line num="444" type="stmt" count="68"/>
        <line num="445" type="stmt" count="68"/>
        <line num="449" type="stmt" count="30"/>
        <line num="450" type="stmt" count="30"/>
        <line num="451" type="stmt" count="1"/>
        <line num="454" type="stmt" count="29"/>
        <line num="455" type="stmt" count="29"/>
        <line num="456" type="stmt" count="29"/>
        <line num="457" type="stmt" count="29"/>
        <line num="459" type="stmt" count="29"/>
        <line num="461" type="stmt" count="29"/>
        <line num="476" type="method" name="resultadoFallback" visibility="private" complexity="1" crap="1" count="10"/>
        <line num="478" type="stmt" count="10"/>
        <line num="479" type="stmt" count="10"/>
        <line num="480" type="stmt" count="10"/>
        <line num="481" type="stmt" count="10"/>
        <line num="482" type="stmt" count="10"/>
        <line num="483" type="stmt" count="10"/>
        <line num="484" type="stmt" count="10"/>
        <line num="485" type="stmt" count="10"/>
        <line num="486" type="stmt" count="10"/>
        <line num="487" type="stmt" count="10"/>
        <metrics loc="490" ncloc="302" classes="1" methods="15" coveredmethods="15" conditionals="0" coveredconditionals="0" statements="154" coveredstatements="154" elements="169" coveredelements="169"/>
      </file>
    </package>
    <package name="App\Domain\Motor\Indicadores">
      <file name="/var/www/html/app/Domain/Motor/Indicadores/CicloFinanceiro.php">
        <class name="App\Domain\Motor\Indicadores\CicloFinanceiro" namespace="App\Domain\Motor\Indicadores">
          <metrics complexity="8" methods="2" coveredmethods="2" conditionals="0" coveredconditionals="0" statements="18" coveredstatements="18" elements="20" coveredelements="20"/>
        </class>
        <line num="29" type="method" name="chave" visibility="public" complexity="1" crap="1" count="68"/>
        <line num="31" type="stmt" count="68"/>
        <line num="34" type="method" name="calcular" visibility="public" complexity="7" crap="7" count="73"/>
        <line num="36" type="stmt" count="73"/>
        <line num="37" type="stmt" count="73"/>
        <line num="38" type="stmt" count="73"/>
        <line num="40" type="stmt" count="73"/>
        <line num="41" type="stmt" count="73"/>
        <line num="42" type="stmt" count="12"/>
        <line num="43" type="stmt" count="12"/>
        <line num="44" type="stmt" count="12"/>
        <line num="45" type="stmt" count="12"/>
        <line num="49" type="stmt" count="63"/>
        <line num="51" type="stmt" count="63"/>
        <line num="53" type="stmt" count="63"/>
        <line num="54" type="stmt" count="63"/>
        <line num="55" type="stmt" count="63"/>
        <line num="56" type="stmt" count="63"/>
        <line num="57" type="stmt" count="63"/>
        <line num="58" type="stmt" count="63"/>
        <metrics loc="61" ncloc="46" classes="1" methods="2" coveredmethods="2" conditionals="0" coveredconditionals="0" statements="18" coveredstatements="18" elements="20" coveredelements="20"/>
      </file>
      <file name="/var/www/html/app/Domain/Motor/Indicadores/CicloOperacional.php">
        <class name="App\Domain\Motor\Indicadores\CicloOperacional" namespace="App\Domain\Motor\Indicadores">
          <metrics complexity="6" methods="2" coveredmethods="2" conditionals="0" coveredconditionals="0" statements="16" coveredstatements="16" elements="18" coveredelements="18"/>
        </class>
        <line num="31" type="method" name="chave" visibility="public" complexity="1" crap="1" count="59"/>
        <line num="33" type="stmt" count="59"/>
        <line num="36" type="method" name="calcular" visibility="public" complexity="5" crap="5" count="71"/>
        <line num="38" type="stmt" count="71"/>
        <line num="39" type="stmt" count="71"/>
        <line num="41" type="stmt" count="71"/>
        <line num="42" type="stmt" count="71"/>
        <line num="43" type="stmt" count="12"/>
        <line num="44" type="stmt" count="12"/>
        <line num="45" type="stmt" count="12"/>
        <line num="46" type="stmt" count="12"/>
        <line num="49" type="stmt" count="61"/>
        <line num="51" type="stmt" count="61"/>
        <line num="52" type="stmt" count="61"/>
        <line num="53" type="stmt" count="61"/>
        <line num="54" type="stmt" count="61"/>
        <line num="55" type="stmt" count="61"/>
        <line num="56" type="stmt" count="61"/>
        <metrics loc="59" ncloc="44" classes="1" methods="2" coveredmethods="2" conditionals="0" coveredconditionals="0" statements="16" coveredstatements="16" elements="18" coveredelements="18"/>
      </file>
      <file name="/var/www/html/app/Domain/Motor/Indicadores/DespesasFinEbitda.php">
        <class name="App\Domain\Motor\Indicadores\DespesasFinEbitda" namespace="App\Domain\Motor\Indicadores">
          <metrics complexity="8" methods="2" coveredmethods="2" conditionals="0" coveredconditionals="0" statements="43" coveredstatements="43" elements="45" coveredelements="45"/>
        </class>
        <line num="27" type="method" name="chave" visibility="public" complexity="1" crap="1" count="67"/>
        <line num="29" type="stmt" count="67"/>
        <line num="32" type="method" name="calcular" visibility="public" complexity="7" crap="7" count="74"/>
        <line num="34" type="stmt" count="74"/>
        <line num="35" type="stmt" count="8"/>
        <line num="36" type="stmt" count="8"/>
        <line num="37" type="stmt" count="8"/>
        <line num="38" type="stmt" count="8"/>
        <line num="41" type="stmt" count="68"/>
        <line num="42" type="stmt" count="68"/>
        <line num="44" type="stmt" count="1"/>
        <line num="45" type="stmt" count="1"/>
        <line num="46" type="stmt" count="1"/>
        <line num="47" type="stmt" count="1"/>
        <line num="50" type="stmt" count="67"/>
        <line num="51" type="stmt" count="67"/>
        <line num="53" type="stmt" count="4"/>
        <line num="54" type="stmt" count="2"/>
        <line num="55" type="stmt" count="2"/>
        <line num="56" type="stmt" count="2"/>
        <line num="57" type="stmt" count="2"/>
        <line num="60" type="stmt" count="2"/>
        <line num="61" type="stmt" count="2"/>
        <line num="62" type="stmt" count="2"/>
        <line num="63" type="stmt" count="2"/>
        <line num="66" type="stmt" count="63"/>
        <line num="67" type="stmt" count="63"/>
        <line num="68" type="stmt" count="1"/>
        <line num="69" type="stmt" count="1"/>
        <line num="70" type="stmt" count="1"/>
        <line num="71" type="stmt" count="1"/>
        <line num="73" type="stmt" count="62"/>
        <line num="74" type="stmt" count="6"/>
        <line num="75" type="stmt" count="6"/>
        <line num="76" type="stmt" count="6"/>
        <line num="77" type="stmt" count="6"/>
        <line num="80" type="stmt" count="58"/>
        <line num="81" type="stmt" count="58"/>
        <line num="83" type="stmt" count="58"/>
        <line num="85" type="stmt" count="58"/>
        <line num="86" type="stmt" count="58"/>
        <line num="87" type="stmt" count="58"/>
        <line num="88" type="stmt" count="58"/>
        <line num="89" type="stmt" count="58"/>
        <line num="90" type="stmt" count="58"/>
        <metrics loc="93" ncloc="79" classes="1" methods="2" coveredmethods="2" conditionals="0" coveredconditionals="0" statements="43" coveredstatements="43" elements="45" coveredelements="45"/>
      </file>
      <file name="/var/www/html/app/Domain/Motor/Indicadores/DividaLiquidaEbitda.php">
        <class name="App\Domain\Motor\Indicadores\DividaLiquidaEbitda" namespace="App\Domain\Motor\Indicadores">
          <metrics complexity="9" methods="2" coveredmethods="2" conditionals="0" coveredconditionals="0" statements="40" coveredstatements="40" elements="42" coveredelements="42"/>
        </class>
        <line num="27" type="method" name="chave" visibility="public" complexity="1" crap="1" count="66"/>
        <line num="29" type="stmt" count="66"/>
        <line num="32" type="method" name="calcular" visibility="public" complexity="8" crap="8" count="72"/>
        <line num="34" type="stmt" count="72"/>
        <line num="35" type="stmt" count="9"/>
        <line num="36" type="stmt" count="9"/>
        <line num="37" type="stmt" count="9"/>
        <line num="38" type="stmt" count="9"/>
        <line num="41" type="stmt" count="65"/>
        <line num="42" type="stmt" count="65"/>
        <line num="43" type="stmt" count="2"/>
        <line num="44" type="stmt" count="2"/>
        <line num="45" type="stmt" count="2"/>
        <line num="46" type="stmt" count="2"/>
        <line num="49" type="stmt" count="63"/>
        <line num="50" type="stmt" count="63"/>
        <line num="51" type="stmt" count="1"/>
        <line num="52" type="stmt" count="1"/>
        <line num="53" type="stmt" count="1"/>
        <line num="54" type="stmt" count="1"/>
        <line num="56" type="stmt" count="62"/>
        <line num="57" type="stmt" count="6"/>
        <line num="58" type="stmt" count="6"/>
        <line num="59" type="stmt" count="6"/>
        <line num="60" type="stmt" count="6"/>
        <line num="63" type="stmt" count="58"/>
        <line num="64" type="stmt" count="58"/>
        <line num="66" type="stmt" count="58"/>
        <line num="67" type="stmt" count="1"/>
        <line num="68" type="stmt" count="1"/>
        <line num="69" type="stmt" count="1"/>
        <line num="70" type="stmt" count="1"/>
        <line num="73" type="stmt" count="57"/>
        <line num="74" type="stmt" count="57"/>
        <line num="75" type="stmt" count="57"/>
        <line num="77" type="stmt" count="57"/>
        <line num="79" type="stmt" count="57"/>
        <line num="80" type="stmt" count="57"/>
        <line num="81" type="stmt" count="57"/>
        <line num="82" type="stmt" count="57"/>
        <line num="83" type="stmt" count="57"/>
        <line num="84" type="stmt" count="57"/>
        <metrics loc="87" ncloc="74" classes="1" methods="2" coveredmethods="2" conditionals="0" coveredconditionals="0" statements="40" coveredstatements="40" elements="42" coveredelements="42"/>
      </file>
      <file name="/var/www/html/app/Domain/Motor/Indicadores/FontesRecursos.php">
        <class name="App\Domain\Motor\Indicadores\FontesRecursos" namespace="App\Domain\Motor\Indicadores">
          <metrics complexity="11" methods="2" coveredmethods="2" conditionals="0" coveredconditionals="0" statements="41" coveredstatements="41" elements="43" coveredelements="43"/>
        </class>
        <line num="26" type="method" name="chave" visibility="public" complexity="1" crap="1" count="67"/>
        <line num="28" type="stmt" count="67"/>
        <line num="31" type="method" name="calcular" visibility="public" complexity="10" crap="10" count="75"/>
        <line num="33" type="stmt" count="75"/>
        <line num="34" type="stmt" count="75"/>
        <line num="35" type="stmt" count="75"/>
        <line num="36" type="stmt" count="75"/>
        <line num="37" type="stmt" count="9"/>
        <line num="38" type="stmt" count="9"/>
        <line num="39" type="stmt" count="9"/>
        <line num="40" type="stmt" count="9"/>
        <line num="43" type="stmt" count="68"/>
        <line num="44" type="stmt" count="2"/>
        <line num="45" type="stmt" count="2"/>
        <line num="46" type="stmt" count="2"/>
        <line num="47" type="stmt" count="2"/>
        <line num="50" type="stmt" count="66"/>
        <line num="51" type="stmt" count="66"/>
        <line num="52" type="stmt" count="66"/>
        <line num="53" type="stmt" count="1"/>
        <line num="54" type="stmt" count="1"/>
        <line num="55" type="stmt" count="1"/>
        <line num="56" type="stmt" count="1"/>
        <line num="58" type="stmt" count="65"/>
        <line num="59" type="stmt" count="1"/>
        <line num="60" type="stmt" count="1"/>
        <line num="61" type="stmt" count="1"/>
        <line num="62" type="stmt" count="1"/>
        <line num="65" type="stmt" count="64"/>
        <line num="66" type="stmt" count="64"/>
        <line num="67" type="stmt" count="6"/>
        <line num="68" type="stmt" count="6"/>
        <line num="69" type="stmt" count="6"/>
        <line num="70" type="stmt" count="6"/>
        <line num="73" type="stmt" count="60"/>
        <line num="74" type="stmt" count="60"/>
        <line num="76" type="stmt" count="60"/>
        <line num="78" type="stmt" count="60"/>
        <line num="79" type="stmt" count="60"/>
        <line num="80" type="stmt" count="60"/>
        <line num="81" type="stmt" count="60"/>
        <line num="82" type="stmt" count="60"/>
        <line num="83" type="stmt" count="60"/>
        <metrics loc="86" ncloc="75" classes="1" methods="2" coveredmethods="2" conditionals="0" coveredconditionals="0" statements="41" coveredstatements="41" elements="43" coveredelements="43"/>
      </file>
      <file name="/var/www/html/app/Domain/Motor/Indicadores/GiroAtivo.php">
        <class name="App\Domain\Motor\Indicadores\GiroAtivo" namespace="App\Domain\Motor\Indicadores">
          <metrics complexity="10" methods="2" coveredmethods="2" conditionals="0" coveredconditionals="0" statements="40" coveredstatements="40" elements="42" coveredelements="42"/>
        </class>
        <line num="29" type="method" name="chave" visibility="public" complexity="1" crap="1" count="67"/>
        <line num="31" type="stmt" count="67"/>
        <line num="34" type="method" name="calcular" visibility="public" complexity="9" crap="9" count="73"/>
        <line num="36" type="stmt" count="73"/>
        <line num="37" type="stmt" count="73"/>
        <line num="38" type="stmt" count="73"/>
        <line num="39" type="stmt" count="73"/>
        <line num="40" type="stmt" count="9"/>
        <line num="41" type="stmt" count="9"/>
        <line num="42" type="stmt" count="9"/>
        <line num="43" type="stmt" count="9"/>
        <line num="46" type="stmt" count="66"/>
        <line num="47" type="stmt" count="66"/>
        <line num="49" type="stmt" count="1"/>
        <line num="50" type="stmt" count="1"/>
        <line num="51" type="stmt" count="1"/>
        <line num="52" type="stmt" count="1"/>
        <line num="55" type="stmt" count="65"/>
        <line num="56" type="stmt" count="1"/>
        <line num="57" type="stmt" count="1"/>
        <line num="58" type="stmt" count="1"/>
        <line num="59" type="stmt" count="1"/>
        <line num="62" type="stmt" count="64"/>
        <line num="63" type="stmt" count="2"/>
        <line num="64" type="stmt" count="2"/>
        <line num="65" type="stmt" count="2"/>
        <line num="66" type="stmt" count="2"/>
        <line num="69" type="stmt" count="62"/>
        <line num="70" type="stmt" count="62"/>
        <line num="71" type="stmt" count="1"/>
        <line num="72" type="stmt" count="1"/>
        <line num="73" type="stmt" count="1"/>
        <line num="74" type="stmt" count="1"/>
        <line num="77" type="stmt" count="61"/>
        <line num="79" type="stmt" count="61"/>
        <line num="81" type="stmt" count="61"/>
        <line num="83" type="stmt" count="61"/>
        <line num="84" type="stmt" count="61"/>
        <line num="85" type="stmt" count="61"/>
        <line num="86" type="stmt" count="61"/>
        <line num="87" type="stmt" count="61"/>
        <line num="88" type="stmt" count="61"/>
        <metrics loc="91" ncloc="75" classes="1" methods="2" coveredmethods="2" conditionals="0" coveredconditionals="0" statements="40" coveredstatements="40" elements="42" coveredelements="42"/>
      </file>
      <file name="/var/www/html/app/Domain/Motor/Indicadores/Inadimplencia.php">
        <class name="App\Domain\Motor\Indicadores\Inadimplencia" namespace="App\Domain\Motor\Indicadores">
          <metrics complexity="5" methods="2" coveredmethods="2" conditionals="0" coveredconditionals="0" statements="20" coveredstatements="20" elements="22" coveredelements="22"/>
        </class>
        <line num="25" type="method" name="chave" visibility="public" complexity="1" crap="1" count="68"/>
        <line num="27" type="stmt" count="68"/>
        <line num="30" type="method" name="calcular" visibility="public" complexity="4" crap="4" count="71"/>
        <line num="32" type="stmt" count="71"/>
        <line num="33" type="stmt" count="71"/>
        <line num="34" type="stmt" count="9"/>
        <line num="35" type="stmt" count="9"/>
        <line num="36" type="stmt" count="9"/>
        <line num="37" type="stmt" count="9"/>
        <line num="40" type="stmt" count="64"/>
        <line num="42" type="stmt" count="64"/>
        <line num="43" type="stmt" count="1"/>
        <line num="44" type="stmt" count="1"/>
        <line num="45" type="stmt" count="1"/>
        <line num="46" type="stmt" count="1"/>
        <line num="49" type="stmt" count="63"/>
        <line num="51" type="stmt" count="63"/>
        <line num="52" type="stmt" count="63"/>
        <line num="53" type="stmt" count="63"/>
        <line num="54" type="stmt" count="63"/>
        <line num="55" type="stmt" count="63"/>
        <line num="56" type="stmt" count="63"/>
        <metrics loc="59" ncloc="49" classes="1" methods="2" coveredmethods="2" conditionals="0" coveredconditionals="0" statements="20" coveredstatements="20" elements="22" coveredelements="22"/>
      </file>
      <file name="/var/www/html/app/Domain/Motor/Indicadores/MargemBruta.php">
        <class name="App\Domain\Motor\Indicadores\MargemBruta" namespace="App\Domain\Motor\Indicadores">
          <metrics complexity="6" methods="2" coveredmethods="2" conditionals="0" coveredconditionals="0" statements="32" coveredstatements="32" elements="34" coveredelements="34"/>
        </class>
        <line num="25" type="method" name="chave" visibility="public" complexity="1" crap="1" count="68"/>
        <line num="27" type="stmt" count="68"/>
        <line num="30" type="method" name="calcular" visibility="public" complexity="5" crap="5" count="72"/>
        <line num="32" type="stmt" count="72"/>
        <line num="33" type="stmt" count="9"/>
        <line num="34" type="stmt" count="9"/>
        <line num="35" type="stmt" count="9"/>
        <line num="36" type="stmt" count="9"/>
        <line num="39" type="stmt" count="65"/>
        <line num="40" type="stmt" count="65"/>
        <line num="42" type="stmt" count="1"/>
        <line num="43" type="stmt" count="1"/>
        <line num="44" type="stmt" count="1"/>
        <line num="45" type="stmt" count="1"/>
        <line num="48" type="stmt" count="64"/>
        <line num="49" type="stmt" count="1"/>
        <line num="50" type="stmt" count="1"/>
        <line num="51" type="stmt" count="1"/>
        <line num="52" type="stmt" count="1"/>
        <line num="55" type="stmt" count="63"/>
        <line num="56" type="stmt" count="63"/>
        <line num="58" type="stmt" count="1"/>
        <line num="59" type="stmt" count="1"/>
        <line num="60" type="stmt" count="1"/>
        <line num="61" type="stmt" count="1"/>
        <line num="65" type="stmt" count="62"/>
        <line num="66" type="stmt" count="62"/>
        <line num="68" type="stmt" count="62"/>
        <line num="70" type="stmt" count="62"/>
        <line num="71" type="stmt" count="62"/>
        <line num="72" type="stmt" count="62"/>
        <line num="73" type="stmt" count="62"/>
        <line num="74" type="stmt" count="62"/>
        <line num="75" type="stmt" count="62"/>
        <metrics loc="78" ncloc="65" classes="1" methods="2" coveredmethods="2" conditionals="0" coveredconditionals="0" statements="32" coveredstatements="32" elements="34" coveredelements="34"/>
      </file>
      <file name="/var/www/html/app/Domain/Motor/Indicadores/MargemEbitda.php">
        <class name="App\Domain\Motor\Indicadores\MargemEbitda" namespace="App\Domain\Motor\Indicadores">
          <metrics complexity="9" methods="2" coveredmethods="2" conditionals="0" coveredconditionals="0" statements="43" coveredstatements="43" elements="45" coveredelements="45"/>
        </class>
        <line num="32" type="method" name="chave" visibility="public" complexity="1" crap="1" count="69"/>
        <line num="34" type="stmt" count="69"/>
        <line num="37" type="method" name="calcular" visibility="public" complexity="8" crap="8" count="76"/>
        <line num="39" type="stmt" count="76"/>
        <line num="40" type="stmt" count="9"/>
        <line num="41" type="stmt" count="9"/>
        <line num="42" type="stmt" count="9"/>
        <line num="43" type="stmt" count="9"/>
        <line num="46" type="stmt" count="69"/>
        <line num="47" type="stmt" count="69"/>
        <line num="48" type="stmt" count="1"/>
        <line num="49" type="stmt" count="1"/>
        <line num="50" type="stmt" count="1"/>
        <line num="51" type="stmt" count="1"/>
        <line num="54" type="stmt" count="68"/>
        <line num="55" type="stmt" count="1"/>
        <line num="56" type="stmt" count="1"/>
        <line num="57" type="stmt" count="1"/>
        <line num="58" type="stmt" count="1"/>
        <line num="61" type="stmt" count="67"/>
        <line num="62" type="stmt" count="2"/>
        <line num="63" type="stmt" count="2"/>
        <line num="64" type="stmt" count="2"/>
        <line num="65" type="stmt" count="2"/>
        <line num="68" type="stmt" count="65"/>
        <line num="69" type="stmt" count="65"/>
        <line num="71" type="stmt" count="1"/>
        <line num="72" type="stmt" count="1"/>
        <line num="73" type="stmt" count="1"/>
        <line num="74" type="stmt" count="1"/>
        <line num="78" type="stmt" count="64"/>
        <line num="79" type="stmt" count="64"/>
        <line num="80" type="stmt" count="3"/>
        <line num="81" type="stmt" count="3"/>
        <line num="82" type="stmt" count="3"/>
        <line num="83" type="stmt" count="3"/>
        <line num="86" type="stmt" count="61"/>
        <line num="87" type="stmt" count="61"/>
        <line num="89" type="stmt" count="61"/>
        <line num="91" type="stmt" count="61"/>
        <line num="92" type="stmt" count="61"/>
        <line num="93" type="stmt" count="61"/>
        <line num="94" type="stmt" count="61"/>
        <line num="95" type="stmt" count="61"/>
        <line num="96" type="stmt" count="61"/>
        <metrics loc="99" ncloc="80" classes="1" methods="2" coveredmethods="2" conditionals="0" coveredconditionals="0" statements="43" coveredstatements="43" elements="45" coveredelements="45"/>
      </file>
      <file name="/var/www/html/app/Domain/Motor/Indicadores/MargemLiquida.php">
        <class name="App\Domain\Motor\Indicadores\MargemLiquida" namespace="App\Domain\Motor\Indicadores">
          <metrics complexity="9" methods="2" coveredmethods="2" conditionals="0" coveredconditionals="0" statements="42" coveredstatements="42" elements="44" coveredelements="44"/>
        </class>
        <line num="28" type="method" name="chave" visibility="public" complexity="1" crap="1" count="67"/>
        <line num="30" type="stmt" count="67"/>
        <line num="33" type="method" name="calcular" visibility="public" complexity="8" crap="8" count="74"/>
        <line num="35" type="stmt" count="74"/>
        <line num="36" type="stmt" count="9"/>
        <line num="37" type="stmt" count="9"/>
        <line num="38" type="stmt" count="9"/>
        <line num="39" type="stmt" count="9"/>
        <line num="42" type="stmt" count="67"/>
        <line num="43" type="stmt" count="67"/>
        <line num="44" type="stmt" count="1"/>
        <line num="45" type="stmt" count="1"/>
        <line num="46" type="stmt" count="1"/>
        <line num="47" type="stmt" count="1"/>
        <line num="50" type="stmt" count="66"/>
        <line num="51" type="stmt" count="1"/>
        <line num="52" type="stmt" count="1"/>
        <line num="53" type="stmt" count="1"/>
        <line num="54" type="stmt" count="1"/>
        <line num="57" type="stmt" count="65"/>
        <line num="58" type="stmt" count="1"/>
        <line num="59" type="stmt" count="1"/>
        <line num="60" type="stmt" count="1"/>
        <line num="61" type="stmt" count="1"/>
        <line num="64" type="stmt" count="64"/>
        <line num="65" type="stmt" count="2"/>
        <line num="66" type="stmt" count="2"/>
        <line num="67" type="stmt" count="2"/>
        <line num="68" type="stmt" count="2"/>
        <line num="71" type="stmt" count="62"/>
        <line num="72" type="stmt" count="62"/>
        <line num="74" type="stmt" count="1"/>
        <line num="75" type="stmt" count="1"/>
        <line num="76" type="stmt" count="1"/>
        <line num="77" type="stmt" count="1"/>
        <line num="80" type="stmt" count="61"/>
        <line num="81" type="stmt" count="61"/>
        <line num="83" type="stmt" count="61"/>
        <line num="85" type="stmt" count="61"/>
        <line num="86" type="stmt" count="61"/>
        <line num="87" type="stmt" count="61"/>
        <line num="88" type="stmt" count="61"/>
        <line num="89" type="stmt" count="61"/>
        <line num="90" type="stmt" count="61"/>
        <metrics loc="93" ncloc="79" classes="1" methods="2" coveredmethods="2" conditionals="0" coveredconditionals="0" statements="42" coveredstatements="42" elements="44" coveredelements="44"/>
      </file>
      <file name="/var/www/html/app/Domain/Motor/Indicadores/NcgAbsoluto.php">
        <class name="App\Domain\Motor\Indicadores\NcgAbsoluto" namespace="App\Domain\Motor\Indicadores">
          <metrics complexity="10" methods="3" coveredmethods="3" conditionals="0" coveredconditionals="0" statements="26" coveredstatements="26" elements="29" coveredelements="29"/>
        </class>
        <line num="48" type="method" name="chave" visibility="public" complexity="1" crap="1" count="59"/>
        <line num="50" type="stmt" count="59"/>
        <line num="53" type="method" name="calcular" visibility="public" complexity="4" crap="4" count="75"/>
        <line num="55" type="stmt" count="75"/>
        <line num="56" type="stmt" count="75"/>
        <line num="57" type="stmt" count="75"/>
        <line num="59" type="stmt" count="75"/>
        <line num="60" type="stmt" count="11"/>
        <line num="61" type="stmt" count="11"/>
        <line num="62" type="stmt" count="11"/>
        <line num="63" type="stmt" count="11"/>
        <line num="66" type="stmt" count="66"/>
        <line num="67" type="stmt" count="66"/>
        <line num="69" type="stmt" count="66"/>
        <line num="71" type="stmt" count="66"/>
        <line num="72" type="stmt" count="66"/>
        <line num="73" type="stmt" count="66"/>
        <line num="74" type="stmt" count="66"/>
        <line num="75" type="stmt" count="66"/>
        <line num="76" type="stmt" count="66"/>
        <line num="79" type="method" name="mensagemPorFaixa" visibility="private" complexity="5" crap="5" count="66"/>
        <line num="82" type="stmt" count="66"/>
        <line num="83" type="stmt" count="34"/>
        <line num="87" type="stmt" count="34"/>
        <line num="88" type="stmt" count="2"/>
        <line num="92" type="stmt" count="32"/>
        <line num="93" type="stmt" count="32"/>
        <line num="94" type="stmt" count="5"/>
        <line num="98" type="stmt" count="29"/>
        <metrics loc="101" ncloc="69" classes="1" methods="3" coveredmethods="3" conditionals="0" coveredconditionals="0" statements="26" coveredstatements="26" elements="29" coveredelements="29"/>
      </file>
      <file name="/var/www/html/app/Domain/Motor/Indicadores/NcgVendas.php">
        <class name="App\Domain\Motor\Indicadores\NcgVendas" namespace="App\Domain\Motor\Indicadores">
          <metrics complexity="8" methods="2" coveredmethods="2" conditionals="0" coveredconditionals="0" statements="36" coveredstatements="36" elements="38" coveredelements="38"/>
        </class>
        <line num="27" type="method" name="chave" visibility="public" complexity="1" crap="1" count="66"/>
        <line num="29" type="stmt" count="66"/>
        <line num="32" type="method" name="calcular" visibility="public" complexity="7" crap="7" count="72"/>
        <line num="34" type="stmt" count="72"/>
        <line num="35" type="stmt" count="72"/>
        <line num="36" type="stmt" count="72"/>
        <line num="37" type="stmt" count="72"/>
        <line num="38" type="stmt" count="10"/>
        <line num="39" type="stmt" count="10"/>
        <line num="40" type="stmt" count="10"/>
        <line num="41" type="stmt" count="10"/>
        <line num="44" type="stmt" count="64"/>
        <line num="45" type="stmt" count="2"/>
        <line num="46" type="stmt" count="2"/>
        <line num="47" type="stmt" count="2"/>
        <line num="48" type="stmt" count="2"/>
        <line num="51" type="stmt" count="62"/>
        <line num="52" type="stmt" count="62"/>
        <line num="53" type="stmt" count="1"/>
        <line num="54" type="stmt" count="1"/>
        <line num="55" type="stmt" count="1"/>
        <line num="56" type="stmt" count="1"/>
        <line num="59" type="stmt" count="61"/>
        <line num="60" type="stmt" count="1"/>
        <line num="61" type="stmt" count="1"/>
        <line num="62" type="stmt" count="1"/>
        <line num="63" type="stmt" count="1"/>
        <line num="66" type="stmt" count="60"/>
        <line num="67" type="stmt" count="60"/>
        <line num="68" type="stmt" count="60"/>
        <line num="70" type="stmt" count="60"/>
        <line num="72" type="stmt" count="60"/>
        <line num="74" type="stmt" count="60"/>
        <line num="75" type="stmt" count="60"/>
        <line num="76" type="stmt" count="60"/>
        <line num="77" type="stmt" count="60"/>
        <line num="78" type="stmt" count="60"/>
        <line num="79" type="stmt" count="60"/>
        <metrics loc="82" ncloc="68" classes="1" methods="2" coveredmethods="2" conditionals="0" coveredconditionals="0" statements="36" coveredstatements="36" elements="38" coveredelements="38"/>
      </file>
      <file name="/var/www/html/app/Domain/Motor/Indicadores/Pmc.php">
        <class name="App\Domain\Motor\Indicadores\Pmc" namespace="App\Domain\Motor\Indicadores">
          <metrics complexity="4" methods="2" coveredmethods="2" conditionals="0" coveredconditionals="0" statements="15" coveredstatements="15" elements="17" coveredelements="17"/>
        </class>
        <line num="25" type="method" name="chave" visibility="public" complexity="1" crap="1" count="68"/>
        <line num="27" type="stmt" count="68"/>
        <line num="30" type="method" name="calcular" visibility="public" complexity="3" crap="3" count="71"/>
        <line num="32" type="stmt" count="71"/>
        <line num="33" type="stmt" count="71"/>
        <line num="34" type="stmt" count="10"/>
        <line num="35" type="stmt" count="10"/>
        <line num="36" type="stmt" count="10"/>
        <line num="37" type="stmt" count="10"/>
        <line num="40" type="stmt" count="63"/>
        <line num="41" type="stmt" count="63"/>
        <line num="43" type="stmt" count="63"/>
        <line num="44" type="stmt" count="63"/>
        <line num="45" type="stmt" count="63"/>
        <line num="46" type="stmt" count="63"/>
        <line num="47" type="stmt" count="63"/>
        <line num="48" type="stmt" count="63"/>
        <metrics loc="51" ncloc="41" classes="1" methods="2" coveredmethods="2" conditionals="0" coveredconditionals="0" statements="15" coveredstatements="15" elements="17" coveredelements="17"/>
      </file>
      <file name="/var/www/html/app/Domain/Motor/Indicadores/Pme.php">
        <class name="App\Domain\Motor\Indicadores\Pme" namespace="App\Domain\Motor\Indicadores">
          <metrics complexity="4" methods="2" coveredmethods="2" conditionals="0" coveredconditionals="0" statements="15" coveredstatements="15" elements="17" coveredelements="17"/>
        </class>
        <line num="28" type="method" name="chave" visibility="public" complexity="1" crap="1" count="68"/>
        <line num="30" type="stmt" count="68"/>
        <line num="33" type="method" name="calcular" visibility="public" complexity="3" crap="3" count="70"/>
        <line num="35" type="stmt" count="70"/>
        <line num="36" type="stmt" count="70"/>
        <line num="37" type="stmt" count="9"/>
        <line num="38" type="stmt" count="9"/>
        <line num="39" type="stmt" count="9"/>
        <line num="40" type="stmt" count="9"/>
        <line num="43" type="stmt" count="63"/>
        <line num="44" type="stmt" count="63"/>
        <line num="46" type="stmt" count="63"/>
        <line num="47" type="stmt" count="63"/>
        <line num="48" type="stmt" count="63"/>
        <line num="49" type="stmt" count="63"/>
        <line num="50" type="stmt" count="63"/>
        <line num="51" type="stmt" count="63"/>
        <metrics loc="54" ncloc="41" classes="1" methods="2" coveredmethods="2" conditionals="0" coveredconditionals="0" statements="15" coveredstatements="15" elements="17" coveredelements="17"/>
      </file>
      <file name="/var/www/html/app/Domain/Motor/Indicadores/Pmr.php">
        <class name="App\Domain\Motor\Indicadores\Pmr" namespace="App\Domain\Motor\Indicadores">
          <metrics complexity="4" methods="2" coveredmethods="2" conditionals="0" coveredconditionals="0" statements="15" coveredstatements="15" elements="17" coveredelements="17"/>
        </class>
        <line num="23" type="method" name="chave" visibility="public" complexity="1" crap="1" count="68"/>
        <line num="25" type="stmt" count="68"/>
        <line num="28" type="method" name="calcular" visibility="public" complexity="3" crap="3" count="70"/>
        <line num="30" type="stmt" count="70"/>
        <line num="31" type="stmt" count="70"/>
        <line num="32" type="stmt" count="9"/>
        <line num="33" type="stmt" count="9"/>
        <line num="34" type="stmt" count="9"/>
        <line num="35" type="stmt" count="9"/>
        <line num="38" type="stmt" count="63"/>
        <line num="39" type="stmt" count="63"/>
        <line num="41" type="stmt" count="63"/>
        <line num="42" type="stmt" count="63"/>
        <line num="43" type="stmt" count="63"/>
        <line num="44" type="stmt" count="63"/>
        <line num="45" type="stmt" count="63"/>
        <line num="46" type="stmt" count="63"/>
        <metrics loc="49" ncloc="41" classes="1" methods="2" coveredmethods="2" conditionals="0" coveredconditionals="0" statements="15" coveredstatements="15" elements="17" coveredelements="17"/>
      </file>
    </package>
[...]
        <line num="57" type="stmt" count="1"/>
        <line num="60" type="method" name="parseSucesso" visibility="protected" complexity="4" crap="4" count="8"/>
        <line num="63" type="stmt" count="8"/>
        <line num="65" type="stmt" count="8"/>
        <line num="67" type="stmt" count="8"/>
        <line num="68" type="stmt" count="2"/>
        <line num="71" type="stmt" count="6"/>
        <line num="72" type="stmt" count="1"/>
        <line num="73" type="stmt" count="1"/>
        <line num="74" type="stmt" count="1"/>
        <line num="75" type="stmt" count="1"/>
        <line num="76" type="stmt" count="1"/>
        <line num="79" type="stmt" count="5"/>
        <line num="80" type="stmt" count="5"/>
        <line num="81" type="stmt" count="5"/>
        <line num="83" type="stmt" count="5"/>
        <line num="84" type="stmt" count="5"/>
        <line num="85" type="stmt" count="5"/>
        <line num="86" type="stmt" count="5"/>
        <line num="87" type="stmt" count="5"/>
        <line num="88" type="stmt" count="5"/>
        <line num="89" type="stmt" count="5"/>
        <line num="90" type="stmt" count="5"/>
        <line num="91" type="stmt" count="5"/>
        <line num="92" type="stmt" count="5"/>
        <line num="93" type="stmt" count="5"/>
        <line num="99" type="method" name="falhaCorpo200" visibility="private" complexity="6" crap="6" count="2"/>
        <line num="101" type="stmt" count="2"/>
        <line num="102" type="stmt" count="2"/>
        <line num="107" type="stmt" count="2"/>
        <line num="108" type="stmt" count="2"/>
        <line num="109" type="stmt" count="2"/>
        <line num="111" type="stmt" count="2"/>
        <line num="112" type="stmt" count="1"/>
        <line num="113" type="stmt" count="1"/>
        <line num="115" type="stmt" count="2"/>
        <line num="117" type="stmt" count="2"/>
        <line num="118" type="stmt" count="2"/>
        <line num="119" type="stmt" count="2"/>
        <line num="120" type="stmt" count="2"/>
        <line num="121" type="stmt" count="2"/>
        <line num="127" type="method" name="stringOuFalha" visibility="private" complexity="3" crap="5.20" count="5"/>
        <line num="129" type="stmt" count="5"/>
        <line num="131" type="stmt" count="5"/>
        <line num="132" type="stmt" count="0"/>
        <line num="133" type="stmt" count="0"/>
        <line num="134" type="stmt" count="0"/>
        <line num="135" type="stmt" count="0"/>
        <line num="136" type="stmt" count="0"/>
        <line num="139" type="stmt" count="5"/>
        <line num="145" type="method" name="stringOpcional" visibility="private" complexity="3" crap="3" count="5"/>
        <line num="147" type="stmt" count="5"/>
        <line num="149" type="stmt" count="5"/>
        <line num="150" type="stmt" count="1"/>
        <line num="153" type="stmt" count="5"/>
        <line num="156" type="method" name="cnaeNormalizado" visibility="private" complexity="4" crap="4.25" count="5"/>
        <line num="158" type="stmt" count="5"/>
        <line num="159" type="stmt" count="0"/>
        <line num="162" type="stmt" count="5"/>
        <line num="164" type="stmt" count="5"/>
        <line num="167" type="method" name="mapearSituacao" visibility="private" complexity="6" crap="6.84" count="5"/>
        <line num="169" type="stmt" count="5"/>
        <line num="170" type="stmt" count="4"/>
        <line num="171" type="stmt" count="0"/>
        <line num="172" type="stmt" count="1"/>
        <line num="173" type="stmt" count="0"/>
        <line num="174" type="stmt" count="5"/>
        <line num="175" type="stmt" count="5"/>
        <line num="178" type="method" name="parseDataBr" visibility="private" complexity="3" crap="4.94" count="5"/>
        <line num="180" type="stmt" count="5"/>
        <line num="181" type="stmt" count="0"/>
        <line num="185" type="stmt" count="5"/>
        <line num="186" type="stmt" count="0"/>
        <line num="187" type="stmt" count="0"/>
        <metrics loc="191" ncloc="151" classes="1" methods="10" coveredmethods="6" conditionals="0" coveredconditionals="0" statements="69" coveredstatements="58" elements="79" coveredelements="64"/>
      </file>
      <file name="/var/www/html/app/Services/Rfb/RfbAlerter.php">
        <class name="App\Services\Rfb\RfbAlerter" namespace="App\Services\Rfb">
          <metrics complexity="4" methods="1" coveredmethods="1" conditionals="0" coveredconditionals="0" statements="29" coveredstatements="29" elements="30" coveredelements="30"/>
        </class>
        <line num="25" type="method" name="enviar" visibility="public" complexity="4" crap="4" count="3"/>
        <line num="27" type="stmt" count="3"/>
        <line num="28" type="stmt" count="3"/>
        <line num="30" type="stmt" count="3"/>
        <line num="32" type="stmt" count="2"/>
        <line num="33" type="stmt" count="2"/>
        <line num="34" type="stmt" count="2"/>
        <line num="35" type="stmt" count="2"/>
        <line num="36" type="stmt" count="2"/>
        <line num="37" type="stmt" count="2"/>
        <line num="38" type="stmt" count="2"/>
        <line num="39" type="stmt" count="2"/>
        <line num="41" type="stmt" count="1"/>
        <line num="42" type="stmt" count="1"/>
        <line num="43" type="stmt" count="1"/>
        <line num="44" type="stmt" count="1"/>
        <line num="45" type="stmt" count="1"/>
        <line num="47" type="stmt" count="1"/>
        <line num="48" type="stmt" count="1"/>
        <line num="49" type="stmt" count="1"/>
        <line num="50" type="stmt" count="1"/>
        <line num="51" type="stmt" count="1"/>
        <line num="52" type="stmt" count="1"/>
        <line num="53" type="stmt" count="1"/>
        <line num="58" type="stmt" count="2"/>
        <line num="59" type="stmt" count="2"/>
        <line num="60" type="stmt" count="2"/>
        <line num="61" type="stmt" count="2"/>
        <line num="62" type="stmt" count="2"/>
        <line num="63" type="stmt" count="2"/>
        <metrics loc="66" ncloc="53" classes="1" methods="1" coveredmethods="1" conditionals="0" coveredconditionals="0" statements="29" coveredstatements="29" elements="30" coveredelements="30"/>
      </file>
      <file name="/var/www/html/app/Services/Rfb/RfbCnpjFalhouException.php">
        <class name="App\Services\Rfb\RfbCnpjFalhouException" namespace="App\Services\Rfb">
          <metrics complexity="2" methods="1" coveredmethods="1" conditionals="0" coveredconditionals="0" statements="5" coveredstatements="5" elements="6" coveredelements="6"/>
        </class>
        <line num="21" type="method" name="__construct" visibility="public" complexity="2" crap="2" count="34"/>
        <line num="27" type="stmt" count="34"/>
        <line num="28" type="stmt" count="34"/>
        <line num="29" type="stmt" count="34"/>
        <line num="30" type="stmt" count="34"/>
        <line num="31" type="stmt" count="34"/>
        <metrics loc="34" ncloc="26" classes="1" methods="1" coveredmethods="1" conditionals="0" coveredconditionals="0" statements="5" coveredstatements="5" elements="6" coveredelements="6"/>
      </file>
      <file name="/var/www/html/app/Services/Rfb/RfbCnpjResultSerializer.php">
        <class name="App\Services\Rfb\RfbCnpjResultSerializer" namespace="App\Services\Rfb">
          <metrics complexity="5" methods="2" coveredmethods="2" conditionals="0" coveredconditionals="0" statements="22" coveredstatements="22" elements="24" coveredelements="24"/>
        </class>
        <line num="23" type="method" name="toArray" visibility="public" complexity="1" crap="1" count="3"/>
        <line num="25" type="stmt" count="3"/>
        <line num="26" type="stmt" count="3"/>
        <line num="27" type="stmt" count="3"/>
        <line num="28" type="stmt" count="3"/>
        <line num="29" type="stmt" count="3"/>
        <line num="30" type="stmt" count="3"/>
        <line num="31" type="stmt" count="3"/>
        <line num="32" type="stmt" count="3"/>
        <line num="33" type="stmt" count="3"/>
        <line num="34" type="stmt" count="3"/>
        <line num="35" type="stmt" count="3"/>
        <line num="41" type="method" name="fromArray" visibility="public" complexity="4" crap="4" count="3"/>
        <line num="43" type="stmt" count="3"/>
        <line num="44" type="stmt" count="3"/>
        <line num="45" type="stmt" count="3"/>
        <line num="46" type="stmt" count="3"/>
        <line num="47" type="stmt" count="3"/>
        <line num="48" type="stmt" count="3"/>
        <line num="49" type="stmt" count="3"/>
        <line num="50" type="stmt" count="3"/>
        <line num="51" type="stmt" count="3"/>
        <line num="52" type="stmt" count="3"/>
        <line num="53" type="stmt" count="3"/>
        <metrics loc="56" ncloc="43" classes="1" methods="2" coveredmethods="2" conditionals="0" coveredconditionals="0" statements="22" coveredstatements="22" elements="24" coveredelements="24"/>
      </file>
      <file name="/var/www/html/app/Services/Rfb/RfbConsultarCnpj.php">
        <class name="App\Services\Rfb\RfbConsultarCnpj" namespace="App\Services\Rfb">
          <metrics complexity="14" methods="3" coveredmethods="2" conditionals="0" coveredconditionals="0" statements="72" coveredstatements="65" elements="75" coveredelements="67"/>
        </class>
        <line num="34" type="method" name="__construct" visibility="public" complexity="1" crap="1" count="24"/>
        <line num="39" type="method" name="executar" visibility="public" complexity="8" crap="8" count="22"/>
        <line num="41" type="stmt" count="22"/>
        <line num="42" type="stmt" count="22"/>
        <line num="43" type="stmt" count="22"/>
        <line num="44" type="stmt" count="22"/>
        <line num="45" type="stmt" count="22"/>
        <line num="46" type="stmt" count="22"/>
        <line num="48" type="stmt" count="22"/>
        <line num="51" type="stmt" count="1"/>
        <line num="52" type="stmt" count="1"/>
        <line num="53" type="stmt" count="1"/>
        <line num="54" type="stmt" count="1"/>
        <line num="55" type="stmt" count="1"/>
        <line num="56" type="stmt" count="1"/>
        <line num="57" type="stmt" count="1"/>
        <line num="60" type="stmt" count="21"/>
        <line num="62" type="stmt" count="1"/>
        <line num="63" type="stmt" count="1"/>
        <line num="64" type="stmt" count="1"/>
        <line num="68" type="stmt" count="21"/>
        <line num="71" type="stmt" count="21"/>
        <line num="72" type="stmt" count="10"/>
        <line num="73" type="stmt" count="9"/>
        <line num="74" type="stmt" count="9"/>
        <line num="75" type="stmt" count="9"/>
        <line num="76" type="stmt" count="1"/>
        <line num="79" type="stmt" count="1"/>
        <line num="80" type="stmt" count="1"/>
        <line num="81" type="stmt" count="1"/>
        <line num="82" type="stmt" count="1"/>
        <line num="83" type="stmt" count="1"/>
        <line num="84" type="stmt" count="1"/>
        <line num="85" type="stmt" count="1"/>
        <line num="86" type="stmt" count="1"/>
        <line num="87" type="stmt" count="1"/>
        <line num="90" type="stmt" count="11"/>
        <line num="91" type="stmt" count="11"/>
        <line num="93" type="stmt" count="11"/>
        <line num="94" type="stmt" count="1"/>
        <line num="97" type="stmt" count="11"/>
        <line num="100" type="method" name="registrar" visibility="private" complexity="5" crap="5.26" count="22"/>
        <line num="107" type="stmt" count="22"/>
        <line num="108" type="stmt" count="22"/>
        <line num="109" type="stmt" count="22"/>
        <line num="110" type="stmt" count="22"/>
        <line num="118" type="stmt" count="22"/>
        <line num="119" type="stmt" count="22"/>
        <line num="120" type="stmt" count="22"/>
        <line num="121" type="stmt" count="22"/>
        <line num="122" type="stmt" count="22"/>
        <line num="123" type="stmt" count="22"/>
        <line num="124" type="stmt" count="22"/>
        <line num="125" type="stmt" count="0"/>
        <line num="127" type="stmt" count="0"/>
        <line num="128" type="stmt" count="0"/>
        <line num="129" type="stmt" count="0"/>
        <line num="130" type="stmt" count="0"/>
        <line num="131" type="stmt" count="0"/>
        <line num="132" type="stmt" count="0"/>
        <line num="135" type="stmt" count="22"/>
        <line num="136" type="stmt" count="22"/>
        <line num="137" type="stmt" count="22"/>
        <line num="138" type="stmt" count="22"/>
        <line num="139" type="stmt" count="22"/>
        <line num="140" type="stmt" count="22"/>
        <line num="141" type="stmt" count="22"/>
        <line num="142" type="stmt" count="22"/>
        <line num="143" type="stmt" count="22"/>
        <line num="144" type="stmt" count="22"/>
        <line num="145" type="stmt" count="22"/>
        <line num="146" type="stmt" count="22"/>
        <line num="147" type="stmt" count="22"/>
        <line num="148" type="stmt" count="22"/>
        <metrics loc="151" ncloc="123" classes="1" methods="3" coveredmethods="2" conditionals="0" coveredconditionals="0" statements="72" coveredstatements="65" elements="75" coveredelements="67"/>
      </file>
    </package>
    <file name="/var/www/html/app/Services/Rfb/RfbCnpjClient.php">
      <metrics loc="37" ncloc="14" classes="0" methods="0" coveredmethods="0" conditionals="0" coveredconditionals="0" statements="0" coveredstatements="0" elements="0" coveredelements="0"/>
    </file>
    <package name="App\Support\Relatorio">
      <file name="/var/www/html/app/Support/Relatorio/IndicadorFormatter.php">
        <class name="App\Support\Relatorio\IndicadorFormatter" namespace="App\Support\Relatorio">
          <metrics complexity="15" methods="7" coveredmethods="7" conditionals="0" coveredconditionals="0" statements="27" coveredstatements="27" elements="34" coveredelements="34"/>
        </class>
        <line num="68" type="method" name="nome" visibility="public" complexity="1" crap="1" count="88"/>
        <line num="70" type="stmt" count="88"/>
        <line num="73" type="method" name="valor" visibility="public" complexity="8" crap="8" count="23"/>
        <line num="75" type="stmt" count="23"/>
        <line num="76" type="stmt" count="1"/>
        <line num="79" type="stmt" count="22"/>
        <line num="80" type="stmt" count="22"/>
        <line num="81" type="stmt" count="22"/>
        <line num="82" type="stmt" count="22"/>
        <line num="83" type="stmt" count="22"/>
        <line num="84" type="stmt" count="17"/>
        <line num="85" type="stmt" count="22"/>
        <line num="86" type="stmt" count="22"/>
        <line num="87" type="stmt" count="16"/>
        <line num="88" type="stmt" count="16"/>
        <line num="89" type="stmt" count="22"/>
        <line num="90" type="stmt" count="22"/>
        <line num="91" type="stmt" count="22"/>
        <line num="92" type="stmt" count="22"/>
        <line num="93" type="stmt" count="16"/>
        <line num="94" type="stmt" count="16"/>
        <line num="95" type="stmt" count="22"/>
        <line num="96" type="stmt" count="22"/>
        <line num="99" type="method" name="percentual" visibility="private" complexity="1" crap="1" count="18"/>
        <line num="101" type="stmt" count="18"/>
        <line num="104" type="method" name="multiplo" visibility="private" complexity="1" crap="1" count="16"/>
        <line num="106" type="stmt" count="16"/>
        <line num="109" type="method" name="dias" visibility="private" complexity="1" crap="1" count="16"/>
        <line num="111" type="stmt" count="16"/>
        <line num="114" type="method" name="moedaBr" visibility="private" complexity="2" crap="2" count="16"/>
        <line num="116" type="stmt" count="16"/>
        <line num="118" type="stmt" count="16"/>
        <line num="121" type="method" name="numeroBr" visibility="private" complexity="1" crap="1" count="20"/>
        <line num="123" type="stmt" count="20"/>
        <metrics loc="126" ncloc="103" classes="1" methods="7" coveredmethods="7" conditionals="0" coveredconditionals="0" statements="27" coveredstatements="27" elements="34" coveredelements="34"/>
      </file>
    </package>
    <package name="App\Support">
      <file name="/var/www/html/app/Support/RequestId.php">
        <class name="App\Support\RequestId" namespace="App\Support">
          <metrics complexity="7" methods="5" coveredmethods="5" conditionals="0" coveredconditionals="0" statements="12" coveredstatements="12" elements="17" coveredelements="17"/>
        </class>
        <line num="20" type="method" name="set" visibility="public" complexity="1" crap="1" count="136"/>
        <line num="22" type="stmt" count="136"/>
        <line num="25" type="method" name="get" visibility="public" complexity="2" crap="2" count="209"/>
        <line num="27" type="stmt" count="209"/>
        <line num="28" type="stmt" count="10"/>
        <line num="31" type="stmt" count="209"/>
        <line num="34" type="method" name="reset" visibility="public" complexity="1" crap="1" count="19"/>
        <line num="36" type="stmt" count="19"/>
        <line num="42" type="method" name="generate" visibility="public" complexity="1" crap="1" count="114"/>
        <line num="44" type="stmt" count="114"/>
        <line num="50" type="method" name="isValid" visibility="public" complexity="2" crap="2" count="112"/>
        <line num="52" type="stmt" count="112"/>
        <line num="53" type="stmt" count="1"/>
        <line num="56" type="stmt" count="112"/>
        <line num="57" type="stmt" count="112"/>
        <line num="58" type="stmt" count="112"/>
        <line num="59" type="stmt" count="112"/>
        <metrics loc="62" ncloc="49" classes="1" methods="5" coveredmethods="5" conditionals="0" coveredconditionals="0" statements="12" coveredstatements="12" elements="17" coveredelements="17"/>
      </file>
      <file name="/var/www/html/app/Support/TermosVigentes.php">
        <class name="App\Support\TermosVigentes" namespace="App\Support">
          <metrics complexity="3" methods="2" coveredmethods="2" conditionals="0" coveredconditionals="0" statements="10" coveredstatements="10" elements="12" coveredelements="12"/>
        </class>
        <line num="42" type="method" name="para" visibility="public" complexity="1" crap="1" count="13"/>
        <line num="44" type="stmt" count="13"/>
        <line num="46" type="stmt" count="13"/>
        <line num="47" type="stmt" count="13"/>
        <line num="48" type="stmt" count="13"/>
        <line num="49" type="stmt" count="13"/>
        <line num="50" type="stmt" count="13"/>
        <line num="51" type="stmt" count="13"/>
        <line num="54" type="method" name="hashDe" visibility="private" complexity="2" crap="2" count="13"/>
        <line num="56" type="stmt" count="13"/>
        <line num="57" type="stmt" count="11"/>
        <line num="60" type="stmt" count="12"/>
        <metrics loc="63" ncloc="52" classes="1" methods="2" coveredmethods="2" conditionals="0" coveredconditionals="0" statements="10" coveredstatements="10" elements="12" coveredelements="12"/>
      </file>
    </package>
    <file name="/var/www/html/app/Support/helpers.php">
      <line num="7" type="stmt" count="0"/>
      <line num="16" type="stmt" count="120"/>
      <metrics loc="19" ncloc="13" classes="0" methods="0" coveredmethods="0" conditionals="0" coveredconditionals="0" statements="2" coveredstatements="1" elements="2" coveredelements="1"/>
    </file>
    <metrics files="89" loc="8165" ncloc="6250" classes="85" methods="284" coveredmethods="253" conditionals="0" coveredconditionals="0" statements="2567" coveredstatements="2498" elements="2851" coveredelements="2751"/>
  </project>
</coverage>
